module_share/build/intermediates/manifest_merge_blame_file/debug/manifest-merger-blame-debug-report.txt
1<?xml version="1.0" encoding="utf-8"?>
2<manifest xmlns:android="http://schemas.android.com/apk/res/android"
3    package="com.zaze.demo.share" >
4
5    <uses-sdk
6        android:minSdkVersion="21"
6-->src/main/AndroidManifest.xml
7        android:targetSdkVersion="28" />
7-->src/main/AndroidManifest.xml
8
9    <application>
9-->src/main/AndroidManifest.xml:4:5-8:19
10        <activity android:name="com.zaze.demo.share.ShareActivity" />
10-->src/main/AndroidManifest.xml:6:9-51
10-->src/main/AndroidManifest.xml:6:19-48
11    </application>
12
13</manifest>